<?xml version="1.0" encoding="UTF-8"?>
<testng-results ignored="0" total="2" passed="2" failed="0" skipped="0">
  <reporter-output>
  </reporter-output>
  <suite started-at="2022-02-20T18:36:20 IST" name="Default suite" finished-at="2022-02-20T18:36:20 IST" duration-ms="49">
    <groups>
    </groups>
    <test started-at="2022-02-20T18:36:20 IST" name="Default test" finished-at="2022-02-20T18:36:20 IST" duration-ms="49">
      <class name="tesNG_Practice2.Class">
        <test-method is-config="true" signature="M1()[pri:0, instance:tesNG_Practice2.Class@35ef1869]" started-at="2022-02-20T18:36:20 IST" name="M1" finished-at="2022-02-20T18:36:20 IST" duration-ms="10" status="PASS">
          <reporter-output>
          </reporter-output>
        </test-method> <!-- M1 -->
        <test-method is-config="true" signature="M2()[pri:0, instance:tesNG_Practice2.Class@35ef1869]" started-at="2022-02-20T18:36:20 IST" name="M2" finished-at="2022-02-20T18:36:20 IST" duration-ms="0" status="PASS">
          <reporter-output>
          </reporter-output>
        </test-method> <!-- M2 -->
        <test-method is-config="true" signature="M3()[pri:0, instance:tesNG_Practice2.Class@35ef1869]" started-at="2022-02-20T18:36:20 IST" name="M3" finished-at="2022-02-20T18:36:20 IST" duration-ms="0" status="PASS">
          <reporter-output>
          </reporter-output>
        </test-method> <!-- M3 -->
        <test-method is-config="true" signature="M4()[pri:0, instance:tesNG_Practice2.Class@35ef1869]" started-at="2022-02-20T18:36:20 IST" name="M4" finished-at="2022-02-20T18:36:20 IST" duration-ms="0" status="PASS">
          <reporter-output>
          </reporter-output>
        </test-method> <!-- M4 -->
        <test-method signature="main()[pri:0, instance:tesNG_Practice2.Class@35ef1869]" started-at="2022-02-20T18:36:20 IST" name="main" finished-at="2022-02-20T18:36:20 IST" duration-ms="6" status="PASS">
          <reporter-output>
          </reporter-output>
        </test-method> <!-- main -->
        <test-method is-config="true" signature="M5()[pri:0, instance:tesNG_Practice2.Class@35ef1869]" started-at="2022-02-20T18:36:20 IST" name="M5" finished-at="2022-02-20T18:36:20 IST" duration-ms="1" status="PASS">
          <reporter-output>
          </reporter-output>
        </test-method> <!-- M5 -->
        <test-method is-config="true" signature="M4()[pri:0, instance:tesNG_Practice2.Class@35ef1869]" started-at="2022-02-20T18:36:20 IST" name="M4" finished-at="2022-02-20T18:36:20 IST" duration-ms="1" status="PASS">
          <reporter-output>
          </reporter-output>
        </test-method> <!-- M4 -->
        <test-method signature="main2()[pri:0, instance:tesNG_Practice2.Class@35ef1869]" started-at="2022-02-20T18:36:20 IST" name="main2" finished-at="2022-02-20T18:36:20 IST" duration-ms="1" status="PASS">
          <reporter-output>
          </reporter-output>
        </test-method> <!-- main2 -->
        <test-method is-config="true" signature="M5()[pri:0, instance:tesNG_Practice2.Class@35ef1869]" started-at="2022-02-20T18:36:20 IST" name="M5" finished-at="2022-02-20T18:36:20 IST" duration-ms="0" status="PASS">
          <reporter-output>
          </reporter-output>
        </test-method> <!-- M5 -->
        <test-method is-config="true" signature="M6()[pri:0, instance:tesNG_Practice2.Class@35ef1869]" started-at="2022-02-20T18:36:20 IST" name="M6" finished-at="2022-02-20T18:36:20 IST" duration-ms="0" status="PASS">
          <reporter-output>
          </reporter-output>
        </test-method> <!-- M6 -->
        <test-method is-config="true" signature="M7()[pri:0, instance:tesNG_Practice2.Class@35ef1869]" started-at="2022-02-20T18:36:20 IST" name="M7" finished-at="2022-02-20T18:36:20 IST" duration-ms="0" status="PASS">
          <reporter-output>
          </reporter-output>
        </test-method> <!-- M7 -->
        <test-method is-config="true" signature="M8()[pri:0, instance:tesNG_Practice2.Class@35ef1869]" started-at="2022-02-20T18:36:20 IST" name="M8" finished-at="2022-02-20T18:36:20 IST" duration-ms="0" status="PASS">
          <reporter-output>
          </reporter-output>
        </test-method> <!-- M8 -->
      </class> <!-- tesNG_Practice2.Class -->
    </test> <!-- Default test -->
  </suite> <!-- Default suite -->
</testng-results>
